#
# A fatal error has been detected by the Java Runtime Environment:
#
#  SIGILL (0x4) at pc=0x00007f6faa5f3dea, pid=9361, tid=0x00007f6fa8e24700
#
# JRE version: OpenJDK Runtime Environment (8.0_275-b01) (build 1.8.0_275-8u275-b01-0ubuntu1~16.04-b01)
# Java VM: OpenJDK 64-Bit Server VM (25.275-b01 mixed mode linux-amd64 compressed oops)
# Problematic frame:
# C  [TONLibrary8418133561603147957.so+0x8fbdea]  std::panicking::rust_panic_with_hook::haa1ed36ada4ffb03+0x1aa
#
# Failed to write core dump. Core dumps have been disabled. To enable core dumping, try "ulimit -c unlimited" before starting Java again
#
# If you would like to submit a bug report, please visit:
#   http://bugreport.java.com/bugreport/crash.jsp
#

---------------  T H R E A D  ---------------

Current thread is native thread

siginfo: si_signo: 4 (SIGILL), si_code: 2 (ILL_ILLOPN), si_addr: 0x00007f6faa5f3dea

Registers:
RAX=0x00007f6fa8e21f03, RBX=0x0000000000000002, RCX=0x0000000000000000, RDX=0x000000000000002b
RSP=0x00007f6fa8e22050, RBP=0x0000000000000000, RSI=0x00007f6faa70ec7e, RDI=0x0000000000000000
R8 =0x0000000000000081, R9 =0x00007f6faab45b60, R10=0x00007f6fa8e216e7, R11=0x0000000000000000
R12=0x00007f6faaad13d0, R13=0x00007f6faa70dd78, R14=0x00007f6faab3b128, R15=0x00007f6fa8e220c0
RIP=0x00007f6faa5f3dea, EFLAGS=0x0000000000010202, CSGSFS=0x002b000000000033, ERR=0x0000000000000000
  TRAPNO=0x0000000000000006

Top of Stack: (sp=0x00007f6fa8e22050)
0x00007f6fa8e22050:   0000000000000020 00007f6faab3b1c8
0x00007f6fa8e22060:   0000000000000001 0000000000000000
0x00007f6fa8e22070:   00007f6faaad13d0 00007f6faa70dd78
0x00007f6fa8e22080:   0000000000000000 00007f6fa8e220f0
0x00007f6fa8e22090:   00007f6faab457e8 0000000000000001
0x00007f6fa8e220a0:   00007f6faaad13d0 00007f6fc426c948
0x00007f6fa8e220b0:   0000000058000801 00007f6faa5f3949
0x00007f6fa8e220c0:   00007f6fa8e221b8 00007f6f58037da0
0x00007f6fa8e220d0:   0000000000000056 0000000000000048
0x00007f6fa8e220e0:   00007f6fa8e22148 00007f6faa5f19bc
0x00007f6fa8e220f0:   00007f6fa8e221b8 00007f6fa8e22148
0x00007f6fa8e22100:   00007f6faaad13d0 00007f6faa5f3909
0x00007f6fa8e22110:   00007f6fa8e221b8 00007f6fa8e22148
0x00007f6fa8e22120:   00007f6faaad13d0 0000000000000002
0x00007f6fa8e22130:   0000000000000002 00007f6faa60fa51
0x00007f6fa8e22140:   00007f6f58002830 00007f6faa710b20
0x00007f6fa8e22150:   00007f6faab3c960 00007f6fa8e221b8
0x00007f6fa8e22160:   00007f6faaad13d0 00007f6faa60f873
0x00007f6fa8e22170:   00007f6f5801cb40 00007f6faa619517
0x00007f6fa8e22180:   000000000000002b 00007f6fa8e22200
0x00007f6fa8e22190:   00007f6faaad1320 00007f6fa8e22178
0x00007f6fa8e221a0:   00007f6faa618760 00007f6fa8e22188
0x00007f6fa8e221b0:   00007f6faa618510 00007f6faab3c940
0x00007f6fa8e221c0:   0000000000000002 0000000000000000
0x00007f6fa8e221d0:   0000000000000001 00007f6fa8e22198
0x00007f6fa8e221e0:   0000000000000002 00007f6fa9da05bb
0x00007f6fa8e221f0:   00007f6f58002830 00007f6fa8e22330
0x00007f6fa8e22200:   00007f6faab457e8 00007f6f58005001
0x00007f6fa8e22210:   00007f6fa94e80d0 04d1d27256bc7600
0x00007f6fa8e22220:   00007f6fa8e22250 00007f6fa8e22290
0x00007f6fa8e22230:   0000000058018601 00007f6f70027480
0x00007f6fa8e22240:   00007f6f70027480 00007f6f70027470 

Instructions: (pc=0x00007f6faa5f3dea)
0x00007f6faa5f3dca:   c7 44 24 18 00 00 00 00 4c 89 6c 24 28 48 c7 44
0x00007f6faa5f3dda:   24 30 00 00 00 00 48 8d 7c 24 08 e8 f6 ef ff ff
0x00007f6faa5f3dea:   0f 0b 0f 0b 4c 89 ff 4c 89 f6 ff 15 26 d5 54 00
0x00007f6faa5f3dfa:   0f 0b 48 8d 3d 5d 1d 55 00 ff 15 17 ea 54 00 48 

Register to memory mapping:

RAX=0x00007f6fa8e21f03 is an unknown value
RBX=0x0000000000000002 is an unknown value
RCX=0x0000000000000000 is an unknown value
RDX=0x000000000000002b is an unknown value
RSP=0x00007f6fa8e22050 is an unknown value
RBP=0x0000000000000000 is an unknown value
RSI=0x00007f6faa70ec7e: <offset 0xa16c7e> in /tmp/TONLibrary8418133561603147957.so at 0x00007f6fa9cf8000
RDI=0x0000000000000000 is an unknown value
R8 =0x0000000000000081 is an unknown value
R9 =0x00007f6faab45b60: <offset 0xe4db60> in /tmp/TONLibrary8418133561603147957.so at 0x00007f6fa9cf8000
R10=0x00007f6fa8e216e7 is an unknown value
R11=0x0000000000000000 is an unknown value
R12=0x00007f6faaad13d0: <offset 0xdd93d0> in /tmp/TONLibrary8418133561603147957.so at 0x00007f6fa9cf8000
R13=0x00007f6faa70dd78: <offset 0xa15d78> in /tmp/TONLibrary8418133561603147957.so at 0x00007f6fa9cf8000
R14=0x00007f6faab3b128: <offset 0xe43128> in /tmp/TONLibrary8418133561603147957.so at 0x00007f6fa9cf8000
R15=0x00007f6fa8e220c0 is an unknown value


Stack: [0x00007f6fa8c24000,0x00007f6fa8e25000],  sp=0x00007f6fa8e22050,  free space=2040k
Native frames: (J=compiled Java code, j=interpreted, Vv=VM code, C=native code)
C  [TONLibrary8418133561603147957.so+0x8fbdea]  std::panicking::rust_panic_with_hook::haa1ed36ada4ffb03+0x1aa
